Analysis & Synthesis report for uP
Sat Dec 05 19:00:04 2015
Quartus II Version 8.1 Build 163 10/28/2008 SJ Web Edition


---------------------
; Table of Contents ;
---------------------
  1. Legal Notice
  2. Analysis & Synthesis Summary
  3. Analysis & Synthesis Settings
  4. State Machine - |uP|uP_CU:CtrlUnit|state
  5. Registers Removed During Synthesis
  6. Multiplexer Restructuring Statistics (Restructuring Performed)
  7. Parameter Settings for User Entity Instance: uP_CU:CtrlUnit
  8. Parameter Settings for User Entity Instance: uP_DP:DataPath|n_REG:IR_REG
  9. Parameter Settings for User Entity Instance: uP_DP:DataPath|n_REG:A_REG
 10. Parameter Settings for User Entity Instance: uP_DP:DataPath|n_REG:PC_REG
 11. Analysis & Synthesis Messages
 12. Analysis & Synthesis Suppressed Messages



----------------
; Legal Notice ;
----------------
Copyright (C) 1991-2008 Altera Corporation
Your use of Altera Corporation's design tools, logic functions 
and other software and tools, and its AMPP partner logic 
functions, and any output files from any of the foregoing 
(including device programming or simulation files), and any 
associated documentation or information are expressly subject 
to the terms and conditions of the Altera Program License 
Subscription Agreement, Altera MegaCore Function License 
Agreement, or other applicable license agreement, including, 
without limitation, that your use is for the sole purpose of 
programming logic devices manufactured by Altera and sold by 
Altera or its authorized distributors.  Please refer to the 
applicable agreement for further details.



+------------------------------------------------------------------------------+
; Analysis & Synthesis Summary                                                 ;
+------------------------------------+-----------------------------------------+
; Analysis & Synthesis Status        ; Successful - Sat Dec 05 19:00:04 2015   ;
; Quartus II Version                 ; 8.1 Build 163 10/28/2008 SJ Web Edition ;
; Revision Name                      ; uP                                      ;
; Top-level Entity Name              ; uP                                      ;
; Family                             ; Cyclone II                              ;
; Total logic elements               ; N/A until Partition Merge               ;
;     Total combinational functions  ; N/A until Partition Merge               ;
;     Dedicated logic registers      ; N/A until Partition Merge               ;
; Total registers                    ; N/A until Partition Merge               ;
; Total pins                         ; N/A until Partition Merge               ;
; Total virtual pins                 ; N/A until Partition Merge               ;
; Total memory bits                  ; N/A until Partition Merge               ;
; Embedded Multiplier 9-bit elements ; N/A until Partition Merge               ;
; Total PLLs                         ; N/A until Partition Merge               ;
+------------------------------------+-----------------------------------------+


+----------------------------------------------------------------------------------------------------------+
; Analysis & Synthesis Settings                                                                            ;
+----------------------------------------------------------------+--------------------+--------------------+
; Option                                                         ; Setting            ; Default Value      ;
+----------------------------------------------------------------+--------------------+--------------------+
; Device                                                         ; EP2C20F484C7       ;                    ;
; Top-level entity name                                          ; uP                 ; uP                 ;
; Family name                                                    ; Cyclone II         ; Stratix II         ;
; Use Generated Physical Constraints File                        ; Off                ;                    ;
; Use smart compilation                                          ; Off                ; Off                ;
; Restructure Multiplexers                                       ; Auto               ; Auto               ;
; Create Debugging Nodes for IP Cores                            ; Off                ; Off                ;
; Preserve fewer node names                                      ; On                 ; On                 ;
; Disable OpenCore Plus hardware evaluation                      ; Off                ; Off                ;
; Verilog Version                                                ; Verilog_2001       ; Verilog_2001       ;
; VHDL Version                                                   ; VHDL93             ; VHDL93             ;
; State Machine Processing                                       ; Auto               ; Auto               ;
; Safe State Machine                                             ; Off                ; Off                ;
; Extract Verilog State Machines                                 ; On                 ; On                 ;
; Extract VHDL State Machines                                    ; On                 ; On                 ;
; Ignore Verilog initial constructs                              ; Off                ; Off                ;
; Iteration limit for constant Verilog loops                     ; 5000               ; 5000               ;
; Iteration limit for non-constant Verilog loops                 ; 250                ; 250                ;
; Add Pass-Through Logic to Inferred RAMs                        ; On                 ; On                 ;
; Parallel Synthesis                                             ; Off                ; Off                ;
; DSP Block Balancing                                            ; Auto               ; Auto               ;
; NOT Gate Push-Back                                             ; On                 ; On                 ;
; Power-Up Don't Care                                            ; On                 ; On                 ;
; Remove Redundant Logic Cells                                   ; Off                ; Off                ;
; Remove Duplicate Registers                                     ; On                 ; On                 ;
; Ignore CARRY Buffers                                           ; Off                ; Off                ;
; Ignore CASCADE Buffers                                         ; Off                ; Off                ;
; Ignore GLOBAL Buffers                                          ; Off                ; Off                ;
; Ignore ROW GLOBAL Buffers                                      ; Off                ; Off                ;
; Ignore LCELL Buffers                                           ; Off                ; Off                ;
; Ignore SOFT Buffers                                            ; On                 ; On                 ;
; Limit AHDL Integers to 32 Bits                                 ; Off                ; Off                ;
; Optimization Technique                                         ; Balanced           ; Balanced           ;
; Carry Chain Length                                             ; 70                 ; 70                 ;
; Auto Carry Chains                                              ; On                 ; On                 ;
; Auto Open-Drain Pins                                           ; On                 ; On                 ;
; Perform WYSIWYG Primitive Resynthesis                          ; Off                ; Off                ;
; Perform gate-level register retiming                           ; Off                ; Off                ;
; Allow register retiming to trade off Tsu/Tco with Fmax         ; On                 ; On                 ;
; Auto ROM Replacement                                           ; On                 ; On                 ;
; Auto RAM Replacement                                           ; On                 ; On                 ;
; Auto Shift Register Replacement                                ; Auto               ; Auto               ;
; Auto Clock Enable Replacement                                  ; On                 ; On                 ;
; Strict RAM Replacement                                         ; Off                ; Off                ;
; Allow Synchronous Control Signals                              ; On                 ; On                 ;
; Force Use of Synchronous Clear Signals                         ; Off                ; Off                ;
; Auto RAM to Logic Cell Conversion                              ; Off                ; Off                ;
; Auto Resource Sharing                                          ; Off                ; Off                ;
; Allow Any RAM Size For Recognition                             ; Off                ; Off                ;
; Allow Any ROM Size For Recognition                             ; Off                ; Off                ;
; Allow Any Shift Register Size For Recognition                  ; Off                ; Off                ;
; Use LogicLock Constraints during Resource Balancing            ; On                 ; On                 ;
; Ignore translate_off and synthesis_off directives              ; Off                ; Off                ;
; Show Parameter Settings Tables in Synthesis Report             ; On                 ; On                 ;
; Ignore Maximum Fan-Out Assignments                             ; Off                ; Off                ;
; Synchronization Register Chain Length                          ; 2                  ; 2                  ;
; PowerPlay Power Optimization                                   ; Normal compilation ; Normal compilation ;
; HDL message level                                              ; Level2             ; Level2             ;
; Suppress Register Optimization Related Messages                ; Off                ; Off                ;
; Number of Removed Registers Reported in Synthesis Report       ; 100                ; 100                ;
; Number of Inverted Registers Reported in Synthesis Report      ; 100                ; 100                ;
; Clock MUX Protection                                           ; On                 ; On                 ;
; Auto Gated Clock Conversion                                    ; Off                ; Off                ;
; Block Design Naming                                            ; Auto               ; Auto               ;
; SDC constraint protection                                      ; Off                ; Off                ;
; Synthesis Effort                                               ; Auto               ; Auto               ;
; Allows Asynchronous Clear Usage For Shift Register Replacement ; On                 ; On                 ;
; Analysis & Synthesis Message Level                             ; Medium             ; Medium             ;
+----------------------------------------------------------------+--------------------+--------------------+


Encoding Type:  One-Hot
+---------------------------------------------------------------------------------------------------------------------------------------------------------------+
; State Machine - |uP|uP_CU:CtrlUnit|state                                                                                                                      ;
+--------------+------------+------------+----------+-------------+-----------+-----------+-------------+------------+--------------+-------------+-------------+
; Name         ; state.HALT ; state.JPOS ; state.JZ ; state.INPUT ; state.SUB ; state.ADD ; state.STORE ; state.LOAD ; state.DECODE ; state.FETCH ; state.START ;
+--------------+------------+------------+----------+-------------+-----------+-----------+-------------+------------+--------------+-------------+-------------+
; state.START  ; 0          ; 0          ; 0        ; 0           ; 0         ; 0         ; 0           ; 0          ; 0            ; 0           ; 0           ;
; state.FETCH  ; 0          ; 0          ; 0        ; 0           ; 0         ; 0         ; 0           ; 0          ; 0            ; 1           ; 1           ;
; state.DECODE ; 0          ; 0          ; 0        ; 0           ; 0         ; 0         ; 0           ; 0          ; 1            ; 0           ; 1           ;
; state.LOAD   ; 0          ; 0          ; 0        ; 0           ; 0         ; 0         ; 0           ; 1          ; 0            ; 0           ; 1           ;
; state.STORE  ; 0          ; 0          ; 0        ; 0           ; 0         ; 0         ; 1           ; 0          ; 0            ; 0           ; 1           ;
; state.ADD    ; 0          ; 0          ; 0        ; 0           ; 0         ; 1         ; 0           ; 0          ; 0            ; 0           ; 1           ;
; state.SUB    ; 0          ; 0          ; 0        ; 0           ; 1         ; 0         ; 0           ; 0          ; 0            ; 0           ; 1           ;
; state.INPUT  ; 0          ; 0          ; 0        ; 1           ; 0         ; 0         ; 0           ; 0          ; 0            ; 0           ; 1           ;
; state.JZ     ; 0          ; 0          ; 1        ; 0           ; 0         ; 0         ; 0           ; 0          ; 0            ; 0           ; 1           ;
; state.JPOS   ; 0          ; 1          ; 0        ; 0           ; 0         ; 0         ; 0           ; 0          ; 0            ; 0           ; 1           ;
; state.HALT   ; 1          ; 0          ; 0        ; 0           ; 0         ; 0         ; 0           ; 0          ; 0            ; 0           ; 1           ;
+--------------+------------+------------+----------+-------------+-----------+-----------+-------------+------------+--------------+-------------+-------------+


+------------------------------------------------------------+
; Registers Removed During Synthesis                         ;
+---------------------------------------+--------------------+
; Register name                         ; Reason for Removal ;
+---------------------------------------+--------------------+
; uP_CU:CtrlUnit|state~14               ; Lost fanout        ;
; uP_CU:CtrlUnit|state~15               ; Lost fanout        ;
; uP_CU:CtrlUnit|state~16               ; Lost fanout        ;
; uP_CU:CtrlUnit|state~17               ; Lost fanout        ;
; Total Number of Removed Registers = 4 ;                    ;
+---------------------------------------+--------------------+


+-------------------------------------------------------------------------------------------------------------------------------------------------------------------+
; Multiplexer Restructuring Statistics (Restructuring Performed)                                                                                                    ;
+--------------------+-----------+---------------+----------------------+------------------------+------------+-----------------------------------------------------+
; Multiplexer Inputs ; Bus Width ; Baseline Area ; Area if Restructured ; Saving if Restructured ; Registered ; Example Multiplexer Output                          ;
+--------------------+-----------+---------------+----------------------+------------------------+------------+-----------------------------------------------------+
; 3:1                ; 8 bits    ; 16 LEs        ; 16 LEs               ; 0 LEs                  ; Yes        ; |uP|uP_DP:DataPath|n_REG:A_REG|Q[2]                 ;
; 4:1                ; 8 bits    ; 16 LEs        ; 8 LEs                ; 8 LEs                  ; Yes        ; |uP|uP_DP:DataPath|mem_RAM:RAM_32x8|REGISTER[31][7] ;
; 4:1                ; 8 bits    ; 16 LEs        ; 8 LEs                ; 8 LEs                  ; Yes        ; |uP|uP_DP:DataPath|mem_RAM:RAM_32x8|REGISTER[30][5] ;
; 4:1                ; 8 bits    ; 16 LEs        ; 8 LEs                ; 8 LEs                  ; Yes        ; |uP|uP_DP:DataPath|mem_RAM:RAM_32x8|REGISTER[17][4] ;
; 4:1                ; 8 bits    ; 16 LEs        ; 8 LEs                ; 8 LEs                  ; Yes        ; |uP|uP_DP:DataPath|mem_RAM:RAM_32x8|REGISTER[16][6] ;
; 4:1                ; 8 bits    ; 16 LEs        ; 8 LEs                ; 8 LEs                  ; Yes        ; |uP|uP_DP:DataPath|mem_RAM:RAM_32x8|REGISTER[15][7] ;
; 4:1                ; 8 bits    ; 16 LEs        ; 8 LEs                ; 8 LEs                  ; Yes        ; |uP|uP_DP:DataPath|mem_RAM:RAM_32x8|REGISTER[14][3] ;
; 4:1                ; 8 bits    ; 16 LEs        ; 8 LEs                ; 8 LEs                  ; Yes        ; |uP|uP_DP:DataPath|mem_RAM:RAM_32x8|REGISTER[13][6] ;
; 4:1                ; 8 bits    ; 16 LEs        ; 8 LEs                ; 8 LEs                  ; Yes        ; |uP|uP_DP:DataPath|mem_RAM:RAM_32x8|REGISTER[12][3] ;
; 4:1                ; 8 bits    ; 16 LEs        ; 8 LEs                ; 8 LEs                  ; Yes        ; |uP|uP_DP:DataPath|mem_RAM:RAM_32x8|REGISTER[11][4] ;
; 4:1                ; 8 bits    ; 16 LEs        ; 8 LEs                ; 8 LEs                  ; Yes        ; |uP|uP_DP:DataPath|mem_RAM:RAM_32x8|REGISTER[10][2] ;
; 4:1                ; 8 bits    ; 16 LEs        ; 8 LEs                ; 8 LEs                  ; Yes        ; |uP|uP_DP:DataPath|mem_RAM:RAM_32x8|REGISTER[9][4]  ;
; 4:1                ; 8 bits    ; 16 LEs        ; 8 LEs                ; 8 LEs                  ; Yes        ; |uP|uP_DP:DataPath|mem_RAM:RAM_32x8|REGISTER[8][0]  ;
; 4:1                ; 8 bits    ; 16 LEs        ; 8 LEs                ; 8 LEs                  ; Yes        ; |uP|uP_DP:DataPath|mem_RAM:RAM_32x8|REGISTER[7][4]  ;
; 4:1                ; 8 bits    ; 16 LEs        ; 8 LEs                ; 8 LEs                  ; Yes        ; |uP|uP_DP:DataPath|mem_RAM:RAM_32x8|REGISTER[6][6]  ;
; 4:1                ; 8 bits    ; 16 LEs        ; 8 LEs                ; 8 LEs                  ; Yes        ; |uP|uP_DP:DataPath|mem_RAM:RAM_32x8|REGISTER[5][0]  ;
; 4:1                ; 8 bits    ; 16 LEs        ; 8 LEs                ; 8 LEs                  ; Yes        ; |uP|uP_DP:DataPath|mem_RAM:RAM_32x8|REGISTER[4][3]  ;
; 4:1                ; 8 bits    ; 16 LEs        ; 8 LEs                ; 8 LEs                  ; Yes        ; |uP|uP_DP:DataPath|mem_RAM:RAM_32x8|REGISTER[3][3]  ;
; 4:1                ; 8 bits    ; 16 LEs        ; 8 LEs                ; 8 LEs                  ; Yes        ; |uP|uP_DP:DataPath|mem_RAM:RAM_32x8|REGISTER[2][6]  ;
; 4:1                ; 8 bits    ; 16 LEs        ; 8 LEs                ; 8 LEs                  ; Yes        ; |uP|uP_DP:DataPath|mem_RAM:RAM_32x8|REGISTER[1][2]  ;
; 4:1                ; 8 bits    ; 16 LEs        ; 8 LEs                ; 8 LEs                  ; Yes        ; |uP|uP_DP:DataPath|mem_RAM:RAM_32x8|REGISTER[0][2]  ;
; 32:1               ; 8 bits    ; 168 LEs       ; 168 LEs              ; 0 LEs                  ; Yes        ; |uP|uP_DP:DataPath|mem_RAM:RAM_32x8|Q[7]            ;
; 3:1                ; 4 bits    ; 8 LEs         ; 4 LEs                ; 4 LEs                  ; No         ; |uP|uP_CU:CtrlUnit|nextState.LOAD                   ;
; 3:1                ; 2 bits    ; 4 LEs         ; 2 LEs                ; 2 LEs                  ; No         ; |uP|uP_CU:CtrlUnit|nextState.JPOS                   ;
+--------------------+-----------+---------------+----------------------+------------------------+------------+-----------------------------------------------------+


+-------------------------------------------------------------+
; Parameter Settings for User Entity Instance: uP_CU:CtrlUnit ;
+----------------+-------+------------------------------------+
; Parameter Name ; Value ; Type                               ;
+----------------+-------+------------------------------------+
; START          ; 0000  ; Unsigned Binary                    ;
; FETCH          ; 0001  ; Unsigned Binary                    ;
; DECODE         ; 0010  ; Unsigned Binary                    ;
; LOAD           ; 1000  ; Unsigned Binary                    ;
; STORE          ; 1001  ; Unsigned Binary                    ;
; ADD            ; 1010  ; Unsigned Binary                    ;
; SUB            ; 1011  ; Unsigned Binary                    ;
; INPUT          ; 1100  ; Unsigned Binary                    ;
; JZ             ; 1101  ; Unsigned Binary                    ;
; JPOS           ; 1110  ; Unsigned Binary                    ;
; HALT           ; 1111  ; Unsigned Binary                    ;
+----------------+-------+------------------------------------+
Note: In order to hide this table in the UI and the text report file, please set the "Show Parameter Settings Tables in Synthesis Report" option in "Analysis and Synthesis Settings -> More Settings" to "Off".


+--------------------------------------------------------------------------+
; Parameter Settings for User Entity Instance: uP_DP:DataPath|n_REG:IR_REG ;
+----------------+-------+-------------------------------------------------+
; Parameter Name ; Value ; Type                                            ;
+----------------+-------+-------------------------------------------------+
; n              ; 8     ; Signed Integer                                  ;
+----------------+-------+-------------------------------------------------+
Note: In order to hide this table in the UI and the text report file, please set the "Show Parameter Settings Tables in Synthesis Report" option in "Analysis and Synthesis Settings -> More Settings" to "Off".


+-------------------------------------------------------------------------+
; Parameter Settings for User Entity Instance: uP_DP:DataPath|n_REG:A_REG ;
+----------------+-------+------------------------------------------------+
; Parameter Name ; Value ; Type                                           ;
+----------------+-------+------------------------------------------------+
; n              ; 8     ; Signed Integer                                 ;
+----------------+-------+------------------------------------------------+
Note: In order to hide this table in the UI and the text report file, please set the "Show Parameter Settings Tables in Synthesis Report" option in "Analysis and Synthesis Settings -> More Settings" to "Off".


+--------------------------------------------------------------------------+
; Parameter Settings for User Entity Instance: uP_DP:DataPath|n_REG:PC_REG ;
+----------------+-------+-------------------------------------------------+
; Parameter Name ; Value ; Type                                            ;
+----------------+-------+-------------------------------------------------+
; n              ; 5     ; Signed Integer                                  ;
+----------------+-------+-------------------------------------------------+
Note: In order to hide this table in the UI and the text report file, please set the "Show Parameter Settings Tables in Synthesis Report" option in "Analysis and Synthesis Settings -> More Settings" to "Off".


+-------------------------------+
; Analysis & Synthesis Messages ;
+-------------------------------+
Info: *******************************************************************
Info: Running Quartus II Analysis & Synthesis
    Info: Version 8.1 Build 163 10/28/2008 SJ Web Edition
    Info: Processing started: Sat Dec 05 18:59:59 2015
Info: Command: quartus_map --read_settings_files=on --write_settings_files=off uP -c uP
Info: Found 1 design units, including 1 entities, in source file mem_RAM.v
    Info: Found entity 1: mem_RAM
Info: Found 1 design units, including 1 entities, in source file n_REG.v
    Info: Found entity 1: n_REG
Info: Found 1 design units, including 1 entities, in source file opr_ADD_SUB.v
    Info: Found entity 1: opr_ADD_SUB
Info: Found 1 design units, including 1 entities, in source file uP_CU.v
    Info: Found entity 1: uP_CU
Info: Found 1 design units, including 1 entities, in source file uP_DP.v
    Info: Found entity 1: uP_DP
Info: Found 1 design units, including 1 entities, in source file uP.v
    Info: Found entity 1: uP
Info: Found 1 design units, including 1 entities, in source file uP_tb.v
    Info: Found entity 1: uP_tb
Info: Elaborating entity "uP" for the top level hierarchy
Info: Elaborating entity "uP_CU" for hierarchy "uP_CU:CtrlUnit"
Info: Elaborating entity "uP_DP" for hierarchy "uP_DP:DataPath"
Info: Elaborating entity "n_REG" for hierarchy "uP_DP:DataPath|n_REG:IR_REG"
Info: Elaborating entity "n_REG" for hierarchy "uP_DP:DataPath|n_REG:PC_REG"
Info: Elaborating entity "mem_RAM" for hierarchy "uP_DP:DataPath|mem_RAM:RAM_32x8"
Info: Elaborating entity "opr_ADD_SUB" for hierarchy "uP_DP:DataPath|opr_ADD_SUB:ADD_SUB"
Info: 4 registers lost all their fanouts during netlist optimizations. The first 4 are displayed below.
    Info: Register "uP_CU:CtrlUnit|state~14" lost all its fanouts during netlist optimizations.
    Info: Register "uP_CU:CtrlUnit|state~15" lost all its fanouts during netlist optimizations.
    Info: Register "uP_CU:CtrlUnit|state~16" lost all its fanouts during netlist optimizations.
    Info: Register "uP_CU:CtrlUnit|state~17" lost all its fanouts during netlist optimizations.
Info: Generated suppressed messages file C:/Users/GhinY/Desktop/LocalEmerald/DegreeSEM2/Microprocessor_Verilog/uP.map.smsg


+------------------------------------------+
; Analysis & Synthesis Suppressed Messages ;
+------------------------------------------+
The suppressed messages can be found in C:/Users/GhinY/Desktop/LocalEmerald/DegreeSEM2/Microprocessor_Verilog/uP.map.smsg.


