Analysis & Synthesis report for uP_DP
Tue Nov 24 15:16:50 2015
Quartus II Version 9.1 Build 222 10/21/2009 SJ Web Edition


---------------------
; Table of Contents ;
---------------------
  1. Legal Notice
  2. Analysis & Synthesis Summary
  3. Analysis & Synthesis Settings
  4. Parallel Compilation
  5. Analysis & Synthesis Source Files Read
  6. Analysis & Synthesis Resource Usage Summary
  7. Analysis & Synthesis Resource Utilization by Entity
  8. Analysis & Synthesis RAM Summary
  9. General Register Statistics
 10. Registers Packed Into Inferred Megafunctions
 11. Multiplexer Restructuring Statistics (Restructuring Performed)
 12. Source assignments for mem_RAM:RAM_32x8|altsyncram:REGISTER_rtl_0|altsyncram_ohd1:auto_generated
 13. Parameter Settings for User Entity Instance: n_REG:IR_REG
 14. Parameter Settings for User Entity Instance: n_REG:A_REG
 15. Parameter Settings for User Entity Instance: n_REG:PC_REG
 16. Parameter Settings for Inferred Entity Instance: mem_RAM:RAM_32x8|altsyncram:REGISTER_rtl_0
 17. altsyncram Parameter Settings by Entity Instance
 18. Analysis & Synthesis Messages



----------------
; Legal Notice ;
----------------
Copyright (C) 1991-2009 Altera Corporation
Your use of Altera Corporation's design tools, logic functions 
and other software and tools, and its AMPP partner logic 
functions, and any output files from any of the foregoing 
(including device programming or simulation files), and any 
associated documentation or information are expressly subject 
to the terms and conditions of the Altera Program License 
Subscription Agreement, Altera MegaCore Function License 
Agreement, or other applicable license agreement, including, 
without limitation, that your use is for the sole purpose of 
programming logic devices manufactured by Altera and sold by 
Altera or its authorized distributors.  Please refer to the 
applicable agreement for further details.



+------------------------------------------------------------------------------+
; Analysis & Synthesis Summary                                                 ;
+------------------------------------+-----------------------------------------+
; Analysis & Synthesis Status        ; Successful - Tue Nov 24 15:16:50 2015   ;
; Quartus II Version                 ; 9.1 Build 222 10/21/2009 SJ Web Edition ;
; Revision Name                      ; uP_DP                                   ;
; Top-level Entity Name              ; uP_DP                                   ;
; Family                             ; Cyclone II                              ;
; Total logic elements               ; 46                                      ;
;     Total combinational functions  ; 38                                      ;
;     Dedicated logic registers      ; 21                                      ;
; Total registers                    ; 21                                      ;
; Total pins                         ; 45                                      ;
; Total virtual pins                 ; 0                                       ;
; Total memory bits                  ; 256                                     ;
; Embedded Multiplier 9-bit elements ; 0                                       ;
; Total PLLs                         ; 0                                       ;
+------------------------------------+-----------------------------------------+


+----------------------------------------------------------------------------------------------------------------------+
; Analysis & Synthesis Settings                                                                                        ;
+----------------------------------------------------------------------------+--------------------+--------------------+
; Option                                                                     ; Setting            ; Default Value      ;
+----------------------------------------------------------------------------+--------------------+--------------------+
; Device                                                                     ; EP2C20F484C7       ;                    ;
; Top-level entity name                                                      ; uP_DP              ; uP_DP              ;
; Family name                                                                ; Cyclone II         ; Stratix II         ;
; Use Generated Physical Constraints File                                    ; Off                ;                    ;
; Use smart compilation                                                      ; Off                ; Off                ;
; Enable parallel Assembler and TimeQuest Timing Analyzer during compilation ; On                 ; On                 ;
; Enable compact report table                                                ; Off                ; Off                ;
; Restructure Multiplexers                                                   ; Auto               ; Auto               ;
; Create Debugging Nodes for IP Cores                                        ; Off                ; Off                ;
; Preserve fewer node names                                                  ; On                 ; On                 ;
; Disable OpenCore Plus hardware evaluation                                  ; Off                ; Off                ;
; Verilog Version                                                            ; Verilog_2001       ; Verilog_2001       ;
; VHDL Version                                                               ; VHDL_1993          ; VHDL_1993          ;
; State Machine Processing                                                   ; Auto               ; Auto               ;
; Safe State Machine                                                         ; Off                ; Off                ;
; Extract Verilog State Machines                                             ; On                 ; On                 ;
; Extract VHDL State Machines                                                ; On                 ; On                 ;
; Ignore Verilog initial constructs                                          ; Off                ; Off                ;
; Iteration limit for constant Verilog loops                                 ; 5000               ; 5000               ;
; Iteration limit for non-constant Verilog loops                             ; 250                ; 250                ;
; Add Pass-Through Logic to Inferred RAMs                                    ; On                 ; On                 ;
; Parallel Synthesis                                                         ; On                 ; On                 ;
; DSP Block Balancing                                                        ; Auto               ; Auto               ;
; NOT Gate Push-Back                                                         ; On                 ; On                 ;
; Power-Up Don't Care                                                        ; On                 ; On                 ;
; Remove Redundant Logic Cells                                               ; Off                ; Off                ;
; Remove Duplicate Registers                                                 ; On                 ; On                 ;
; Ignore CARRY Buffers                                                       ; Off                ; Off                ;
; Ignore CASCADE Buffers                                                     ; Off                ; Off                ;
; Ignore GLOBAL Buffers                                                      ; Off                ; Off                ;
; Ignore ROW GLOBAL Buffers                                                  ; Off                ; Off                ;
; Ignore LCELL Buffers                                                       ; Off                ; Off                ;
; Ignore SOFT Buffers                                                        ; On                 ; On                 ;
; Limit AHDL Integers to 32 Bits                                             ; Off                ; Off                ;
; Optimization Technique                                                     ; Balanced           ; Balanced           ;
; Carry Chain Length                                                         ; 70                 ; 70                 ;
; Auto Carry Chains                                                          ; On                 ; On                 ;
; Auto Open-Drain Pins                                                       ; On                 ; On                 ;
; Perform WYSIWYG Primitive Resynthesis                                      ; Off                ; Off                ;
; Auto ROM Replacement                                                       ; On                 ; On                 ;
; Auto RAM Replacement                                                       ; On                 ; On                 ;
; Auto Shift Register Replacement                                            ; Auto               ; Auto               ;
; Auto Clock Enable Replacement                                              ; On                 ; On                 ;
; Strict RAM Replacement                                                     ; Off                ; Off                ;
; Allow Synchronous Control Signals                                          ; On                 ; On                 ;
; Force Use of Synchronous Clear Signals                                     ; Off                ; Off                ;
; Auto RAM to Logic Cell Conversion                                          ; Off                ; Off                ;
; Auto Resource Sharing                                                      ; Off                ; Off                ;
; Allow Any RAM Size For Recognition                                         ; Off                ; Off                ;
; Allow Any ROM Size For Recognition                                         ; Off                ; Off                ;
; Allow Any Shift Register Size For Recognition                              ; Off                ; Off                ;
; Use LogicLock Constraints during Resource Balancing                        ; On                 ; On                 ;
; Ignore translate_off and synthesis_off directives                          ; Off                ; Off                ;
; Timing-Driven Synthesis                                                    ; Off                ; Off                ;
; Show Parameter Settings Tables in Synthesis Report                         ; On                 ; On                 ;
; Ignore Maximum Fan-Out Assignments                                         ; Off                ; Off                ;
; Synchronization Register Chain Length                                      ; 2                  ; 2                  ;
; PowerPlay Power Optimization                                               ; Normal compilation ; Normal compilation ;
; HDL message level                                                          ; Level2             ; Level2             ;
; Suppress Register Optimization Related Messages                            ; Off                ; Off                ;
; Number of Removed Registers Reported in Synthesis Report                   ; 100                ; 100                ;
; Number of Inverted Registers Reported in Synthesis Report                  ; 100                ; 100                ;
; Clock MUX Protection                                                       ; On                 ; On                 ;
; Auto Gated Clock Conversion                                                ; Off                ; Off                ;
; Block Design Naming                                                        ; Auto               ; Auto               ;
; SDC constraint protection                                                  ; Off                ; Off                ;
; Synthesis Effort                                                           ; Auto               ; Auto               ;
; Shift Register Replacement - Allow Asynchronous Clear Signal               ; On                 ; On                 ;
; Analysis & Synthesis Message Level                                         ; Medium             ; Medium             ;
; Disable Register Merging Across Hierarchies                                ; Auto               ; Auto               ;
; Resource Aware Inference For Block RAM                                     ; On                 ; On                 ;
+----------------------------------------------------------------------------+--------------------+--------------------+


Parallel compilation was disabled, but you have multiple processors available. Enable parallel compilation to reduce compilation time.
+-------------------------------------+
; Parallel Compilation                ;
+----------------------------+--------+
; Processors                 ; Number ;
+----------------------------+--------+
; Number detected on machine ; 4      ;
; Maximum allowed            ; 1      ;
+----------------------------+--------+


+-----------------------------------------------------------------------------------------------------------------------------------------------------------------+
; Analysis & Synthesis Source Files Read                                                                                                                          ;
+----------------------------------+-----------------+------------------------------+-----------------------------------------------------------------------------+
; File Name with User-Entered Path ; Used in Netlist ; File Type                    ; File Name with Absolute Path                                                ;
+----------------------------------+-----------------+------------------------------+-----------------------------------------------------------------------------+
; opr_ADD_SUB.v                    ; yes             ; User Verilog HDL File        ; C:/Users/Student/Desktop/NewEmerald/DegreeSEM2/uP_DP/opr_ADD_SUB.v          ;
; mem_RAM.v                        ; yes             ; User Verilog HDL File        ; C:/Users/Student/Desktop/NewEmerald/DegreeSEM2/uP_DP/mem_RAM.v              ;
; n_REG.v                          ; yes             ; User Verilog HDL File        ; C:/Users/Student/Desktop/NewEmerald/DegreeSEM2/uP_DP/n_REG.v                ;
; uP_DP.v                          ; yes             ; User Verilog HDL File        ; C:/Users/Student/Desktop/NewEmerald/DegreeSEM2/uP_DP/uP_DP.v                ;
; altsyncram.tdf                   ; yes             ; Megafunction                 ; c:/altera/91/quartus/libraries/megafunctions/altsyncram.tdf                 ;
; db/altsyncram_ohd1.tdf           ; yes             ; Auto-Generated Megafunction  ; C:/Users/Student/Desktop/NewEmerald/DegreeSEM2/uP_DP/db/altsyncram_ohd1.tdf ;
+----------------------------------+-----------------+------------------------------+-----------------------------------------------------------------------------+


+-----------------------------------------------------+
; Analysis & Synthesis Resource Usage Summary         ;
+---------------------------------------------+-------+
; Resource                                    ; Usage ;
+---------------------------------------------+-------+
; Estimated Total logic elements              ; 46    ;
;                                             ;       ;
; Total combinational functions               ; 38    ;
; Logic element usage by number of LUT inputs ;       ;
;     -- 4 input functions                    ; 2     ;
;     -- 3 input functions                    ; 20    ;
;     -- <=2 input functions                  ; 16    ;
;                                             ;       ;
; Logic elements by mode                      ;       ;
;     -- normal mode                          ; 26    ;
;     -- arithmetic mode                      ; 12    ;
;                                             ;       ;
; Total registers                             ; 21    ;
;     -- Dedicated logic registers            ; 21    ;
;     -- I/O registers                        ; 0     ;
;                                             ;       ;
; I/O pins                                    ; 45    ;
; Total memory bits                           ; 256   ;
; Maximum fan-out node                        ; CLOCK ;
; Maximum fan-out                             ; 29    ;
; Total fan-out                               ; 299   ;
; Average fan-out                             ; 2.67  ;
+---------------------------------------------+-------+


+---------------------------------------------------------------------------------------------------------------------------------------------------------------------------------------------------------------------------------------------------------+
; Analysis & Synthesis Resource Utilization by Entity                                                                                                                                                                                                     ;
+-------------------------------------------+-------------------+--------------+-------------+--------------+---------+-----------+------+--------------+----------------------------------------------------------------------------------+--------------+
; Compilation Hierarchy Node                ; LC Combinationals ; LC Registers ; Memory Bits ; DSP Elements ; DSP 9x9 ; DSP 18x18 ; Pins ; Virtual Pins ; Full Hierarchy Name                                                              ; Library Name ;
+-------------------------------------------+-------------------+--------------+-------------+--------------+---------+-----------+------+--------------+----------------------------------------------------------------------------------+--------------+
; |uP_DP                                    ; 38 (8)            ; 21 (0)       ; 256         ; 0            ; 0       ; 0         ; 45   ; 0            ; |uP_DP                                                                           ; work         ;
;    |mem_RAM:RAM_32x8|                     ; 0 (0)             ; 0 (0)        ; 256         ; 0            ; 0       ; 0         ; 0    ; 0            ; |uP_DP|mem_RAM:RAM_32x8                                                          ; work         ;
;       |altsyncram:REGISTER_rtl_0|         ; 0 (0)             ; 0 (0)        ; 256         ; 0            ; 0       ; 0         ; 0    ; 0            ; |uP_DP|mem_RAM:RAM_32x8|altsyncram:REGISTER_rtl_0                                ;              ;
;          |altsyncram_ohd1:auto_generated| ; 0 (0)             ; 0 (0)        ; 256         ; 0            ; 0       ; 0         ; 0    ; 0            ; |uP_DP|mem_RAM:RAM_32x8|altsyncram:REGISTER_rtl_0|altsyncram_ohd1:auto_generated ;              ;
;    |n_REG:A_REG|                          ; 8 (8)             ; 8 (8)        ; 0           ; 0            ; 0       ; 0         ; 0    ; 0            ; |uP_DP|n_REG:A_REG                                                               ; work         ;
;    |n_REG:IR_REG|                         ; 0 (0)             ; 8 (8)        ; 0           ; 0            ; 0       ; 0         ; 0    ; 0            ; |uP_DP|n_REG:IR_REG                                                              ;              ;
;    |n_REG:PC_REG|                         ; 5 (5)             ; 5 (5)        ; 0           ; 0            ; 0       ; 0         ; 0    ; 0            ; |uP_DP|n_REG:PC_REG                                                              ; work         ;
;    |opr_ADD_SUB:ADD_SUB|                  ; 17 (17)           ; 0 (0)        ; 0           ; 0            ; 0       ; 0         ; 0    ; 0            ; |uP_DP|opr_ADD_SUB:ADD_SUB                                                       ; work         ;
+-------------------------------------------+-------------------+--------------+-------------+--------------+---------+-----------+------+--------------+----------------------------------------------------------------------------------+--------------+
Note: For table entries with two numbers listed, the numbers in parentheses indicate the number of resources of the given type used by the specific entity alone. The numbers listed outside of parentheses indicate the total resources of the given type used by the specific entity and all of its sub-entities in the hierarchy.


+------------------------------------------------------------------------------------------------------------------------------------------------------------------------------------------+
; Analysis & Synthesis RAM Summary                                                                                                                                                         ;
+--------------------------------------------------------------------------------------+------+------------------+--------------+--------------+--------------+--------------+------+------+
; Name                                                                                 ; Type ; Mode             ; Port A Depth ; Port A Width ; Port B Depth ; Port B Width ; Size ; MIF  ;
+--------------------------------------------------------------------------------------+------+------------------+--------------+--------------+--------------+--------------+------+------+
; mem_RAM:RAM_32x8|altsyncram:REGISTER_rtl_0|altsyncram_ohd1:auto_generated|ALTSYNCRAM ; AUTO ; Simple Dual Port ; 32           ; 8            ; 32           ; 8            ; 256  ; None ;
+--------------------------------------------------------------------------------------+------+------------------+--------------+--------------+--------------+--------------+------+------+


+------------------------------------------------------+
; General Register Statistics                          ;
+----------------------------------------------+-------+
; Statistic                                    ; Value ;
+----------------------------------------------+-------+
; Total registers                              ; 21    ;
; Number of registers using Synchronous Clear  ; 0     ;
; Number of registers using Synchronous Load   ; 13    ;
; Number of registers using Asynchronous Clear ; 21    ;
; Number of registers using Asynchronous Load  ; 0     ;
; Number of registers using Clock Enable       ; 21    ;
; Number of registers using Preset             ; 0     ;
+----------------------------------------------+-------+


+------------------------------------------------------------+
; Registers Packed Into Inferred Megafunctions               ;
+-----------------------+-----------------------------+------+
; Register Name         ; Megafunction                ; Type ;
+-----------------------+-----------------------------+------+
; mem_RAM:RAM_32x8|Q[0] ; mem_RAM:RAM_32x8|REGISTER~0 ; RAM  ;
; mem_RAM:RAM_32x8|Q[1] ; mem_RAM:RAM_32x8|REGISTER~0 ; RAM  ;
; mem_RAM:RAM_32x8|Q[2] ; mem_RAM:RAM_32x8|REGISTER~0 ; RAM  ;
; mem_RAM:RAM_32x8|Q[3] ; mem_RAM:RAM_32x8|REGISTER~0 ; RAM  ;
; mem_RAM:RAM_32x8|Q[4] ; mem_RAM:RAM_32x8|REGISTER~0 ; RAM  ;
; mem_RAM:RAM_32x8|Q[5] ; mem_RAM:RAM_32x8|REGISTER~0 ; RAM  ;
; mem_RAM:RAM_32x8|Q[6] ; mem_RAM:RAM_32x8|REGISTER~0 ; RAM  ;
; mem_RAM:RAM_32x8|Q[7] ; mem_RAM:RAM_32x8|REGISTER~0 ; RAM  ;
+-----------------------+-----------------------------+------+


+------------------------------------------------------------------------------------------------------------------------------------------+
; Multiplexer Restructuring Statistics (Restructuring Performed)                                                                           ;
+--------------------+-----------+---------------+----------------------+------------------------+------------+----------------------------+
; Multiplexer Inputs ; Bus Width ; Baseline Area ; Area if Restructured ; Saving if Restructured ; Registered ; Example Multiplexer Output ;
+--------------------+-----------+---------------+----------------------+------------------------+------------+----------------------------+
; 3:1                ; 8 bits    ; 16 LEs        ; 16 LEs               ; 0 LEs                  ; Yes        ; |uP_DP|n_REG:A_REG|Q[0]    ;
+--------------------+-----------+---------------+----------------------+------------------------+------------+----------------------------+


+--------------------------------------------------------------------------------------------------+
; Source assignments for mem_RAM:RAM_32x8|altsyncram:REGISTER_rtl_0|altsyncram_ohd1:auto_generated ;
+---------------------------------+--------------------+------+------------------------------------+
; Assignment                      ; Value              ; From ; To                                 ;
+---------------------------------+--------------------+------+------------------------------------+
; OPTIMIZE_POWER_DURING_SYNTHESIS ; NORMAL_COMPILATION ; -    ; -                                  ;
+---------------------------------+--------------------+------+------------------------------------+


+-----------------------------------------------------------+
; Parameter Settings for User Entity Instance: n_REG:IR_REG ;
+----------------+-------+----------------------------------+
; Parameter Name ; Value ; Type                             ;
+----------------+-------+----------------------------------+
; n              ; 8     ; Signed Integer                   ;
+----------------+-------+----------------------------------+
Note: In order to hide this table in the UI and the text report file, please set the "Show Parameter Settings Tables in Synthesis Report" option in "Analysis and Synthesis Settings -> More Settings" to "Off".


+----------------------------------------------------------+
; Parameter Settings for User Entity Instance: n_REG:A_REG ;
+----------------+-------+---------------------------------+
; Parameter Name ; Value ; Type                            ;
+----------------+-------+---------------------------------+
; n              ; 8     ; Signed Integer                  ;
+----------------+-------+---------------------------------+
Note: In order to hide this table in the UI and the text report file, please set the "Show Parameter Settings Tables in Synthesis Report" option in "Analysis and Synthesis Settings -> More Settings" to "Off".


+-----------------------------------------------------------+
; Parameter Settings for User Entity Instance: n_REG:PC_REG ;
+----------------+-------+----------------------------------+
; Parameter Name ; Value ; Type                             ;
+----------------+-------+----------------------------------+
; n              ; 5     ; Signed Integer                   ;
+----------------+-------+----------------------------------+
Note: In order to hide this table in the UI and the text report file, please set the "Show Parameter Settings Tables in Synthesis Report" option in "Analysis and Synthesis Settings -> More Settings" to "Off".


+---------------------------------------------------------------------------------------------+
; Parameter Settings for Inferred Entity Instance: mem_RAM:RAM_32x8|altsyncram:REGISTER_rtl_0 ;
+------------------------------------+----------------------+---------------------------------+
; Parameter Name                     ; Value                ; Type                            ;
+------------------------------------+----------------------+---------------------------------+
; BYTE_SIZE_BLOCK                    ; 8                    ; Untyped                         ;
; AUTO_CARRY_CHAINS                  ; ON                   ; AUTO_CARRY                      ;
; IGNORE_CARRY_BUFFERS               ; OFF                  ; IGNORE_CARRY                    ;
; AUTO_CASCADE_CHAINS                ; ON                   ; AUTO_CASCADE                    ;
; IGNORE_CASCADE_BUFFERS             ; OFF                  ; IGNORE_CASCADE                  ;
; WIDTH_BYTEENA                      ; 1                    ; Untyped                         ;
; OPERATION_MODE                     ; DUAL_PORT            ; Untyped                         ;
; WIDTH_A                            ; 8                    ; Untyped                         ;
; WIDTHAD_A                          ; 5                    ; Untyped                         ;
; NUMWORDS_A                         ; 32                   ; Untyped                         ;
; OUTDATA_REG_A                      ; UNREGISTERED         ; Untyped                         ;
; ADDRESS_ACLR_A                     ; NONE                 ; Untyped                         ;
; OUTDATA_ACLR_A                     ; NONE                 ; Untyped                         ;
; WRCONTROL_ACLR_A                   ; NONE                 ; Untyped                         ;
; INDATA_ACLR_A                      ; NONE                 ; Untyped                         ;
; BYTEENA_ACLR_A                     ; NONE                 ; Untyped                         ;
; WIDTH_B                            ; 8                    ; Untyped                         ;
; WIDTHAD_B                          ; 5                    ; Untyped                         ;
; NUMWORDS_B                         ; 32                   ; Untyped                         ;
; INDATA_REG_B                       ; CLOCK1               ; Untyped                         ;
; WRCONTROL_WRADDRESS_REG_B          ; CLOCK1               ; Untyped                         ;
; RDCONTROL_REG_B                    ; CLOCK1               ; Untyped                         ;
; ADDRESS_REG_B                      ; CLOCK1               ; Untyped                         ;
; OUTDATA_REG_B                      ; UNREGISTERED         ; Untyped                         ;
; BYTEENA_REG_B                      ; CLOCK1               ; Untyped                         ;
; INDATA_ACLR_B                      ; NONE                 ; Untyped                         ;
; WRCONTROL_ACLR_B                   ; NONE                 ; Untyped                         ;
; ADDRESS_ACLR_B                     ; NONE                 ; Untyped                         ;
; OUTDATA_ACLR_B                     ; NONE                 ; Untyped                         ;
; RDCONTROL_ACLR_B                   ; NONE                 ; Untyped                         ;
; BYTEENA_ACLR_B                     ; NONE                 ; Untyped                         ;
; WIDTH_BYTEENA_A                    ; 1                    ; Untyped                         ;
; WIDTH_BYTEENA_B                    ; 1                    ; Untyped                         ;
; RAM_BLOCK_TYPE                     ; AUTO                 ; Untyped                         ;
; BYTE_SIZE                          ; 8                    ; Untyped                         ;
; READ_DURING_WRITE_MODE_MIXED_PORTS ; DONT_CARE            ; Untyped                         ;
; READ_DURING_WRITE_MODE_PORT_A      ; NEW_DATA_NO_NBE_READ ; Untyped                         ;
; READ_DURING_WRITE_MODE_PORT_B      ; NEW_DATA_NO_NBE_READ ; Untyped                         ;
; INIT_FILE                          ; UNUSED               ; Untyped                         ;
; INIT_FILE_LAYOUT                   ; PORT_A               ; Untyped                         ;
; MAXIMUM_DEPTH                      ; 0                    ; Untyped                         ;
; CLOCK_ENABLE_INPUT_A               ; NORMAL               ; Untyped                         ;
; CLOCK_ENABLE_INPUT_B               ; NORMAL               ; Untyped                         ;
; CLOCK_ENABLE_OUTPUT_A              ; NORMAL               ; Untyped                         ;
; CLOCK_ENABLE_OUTPUT_B              ; NORMAL               ; Untyped                         ;
; CLOCK_ENABLE_CORE_A                ; USE_INPUT_CLKEN      ; Untyped                         ;
; CLOCK_ENABLE_CORE_B                ; USE_INPUT_CLKEN      ; Untyped                         ;
; ENABLE_ECC                         ; FALSE                ; Untyped                         ;
; DEVICE_FAMILY                      ; Cyclone II           ; Untyped                         ;
; CBXI_PARAMETER                     ; altsyncram_ohd1      ; Untyped                         ;
+------------------------------------+----------------------+---------------------------------+
Note: In order to hide this table in the UI and the text report file, please set the "Show Parameter Settings Tables in Synthesis Report" option in "Analysis and Synthesis Settings -> More Settings" to "Off".


+----------------------------------------------------------------------------------------+
; altsyncram Parameter Settings by Entity Instance                                       ;
+-------------------------------------------+--------------------------------------------+
; Name                                      ; Value                                      ;
+-------------------------------------------+--------------------------------------------+
; Number of entity instances                ; 1                                          ;
; Entity Instance                           ; mem_RAM:RAM_32x8|altsyncram:REGISTER_rtl_0 ;
;     -- OPERATION_MODE                     ; DUAL_PORT                                  ;
;     -- WIDTH_A                            ; 8                                          ;
;     -- NUMWORDS_A                         ; 32                                         ;
;     -- OUTDATA_REG_A                      ; UNREGISTERED                               ;
;     -- WIDTH_B                            ; 8                                          ;
;     -- NUMWORDS_B                         ; 32                                         ;
;     -- ADDRESS_REG_B                      ; CLOCK1                                     ;
;     -- OUTDATA_REG_B                      ; UNREGISTERED                               ;
;     -- RAM_BLOCK_TYPE                     ; AUTO                                       ;
;     -- READ_DURING_WRITE_MODE_MIXED_PORTS ; DONT_CARE                                  ;
+-------------------------------------------+--------------------------------------------+


+-------------------------------+
; Analysis & Synthesis Messages ;
+-------------------------------+
Info: *******************************************************************
Info: Running Quartus II Analysis & Synthesis
    Info: Version 9.1 Build 222 10/21/2009 SJ Web Edition
    Info: Processing started: Tue Nov 24 15:16:49 2015
Info: Command: quartus_map --read_settings_files=on --write_settings_files=off uP_DP -c uP_DP
Info: Found 1 design units, including 1 entities, in source file opr_add_sub.v
    Info: Found entity 1: opr_ADD_SUB
Info: Found 1 design units, including 1 entities, in source file mem_ram.v
    Info: Found entity 1: mem_RAM
Info: Found 1 design units, including 1 entities, in source file n_reg.v
    Info: Found entity 1: n_REG
Info: Found 1 design units, including 1 entities, in source file up_dp.v
    Info: Found entity 1: uP_DP
Info: Found 1 design units, including 1 entities, in source file up_dp_tb.v
    Info: Found entity 1: uP_DP_tb
Info: Found 1 design units, including 1 entities, in source file up_dp_x.v
    Info: Found entity 1: uP_DP_x
Info: Elaborating entity "uP_DP" for the top level hierarchy
Info: Elaborating entity "n_REG" for hierarchy "n_REG:IR_REG"
Info: Elaborating entity "n_REG" for hierarchy "n_REG:PC_REG"
Info: Elaborating entity "mem_RAM" for hierarchy "mem_RAM:RAM_32x8"
Info: Elaborating entity "opr_ADD_SUB" for hierarchy "opr_ADD_SUB:ADD_SUB"
Warning: Inferred dual-clock RAM node "mem_RAM:RAM_32x8|REGISTER~0" from synchronous design logic.  The read-during-write behavior of a dual-clock RAM is undefined and may not match the behavior of the original design.
Info: Inferred 1 megafunctions from design logic
    Info: Inferred altsyncram megafunction from the following design logic: "mem_RAM:RAM_32x8|REGISTER~0" 
        Info: Parameter OPERATION_MODE set to DUAL_PORT
        Info: Parameter WIDTH_A set to 8
        Info: Parameter WIDTHAD_A set to 5
        Info: Parameter NUMWORDS_A set to 32
        Info: Parameter WIDTH_B set to 8
        Info: Parameter WIDTHAD_B set to 5
        Info: Parameter NUMWORDS_B set to 32
        Info: Parameter ADDRESS_ACLR_A set to NONE
        Info: Parameter OUTDATA_REG_B set to UNREGISTERED
        Info: Parameter ADDRESS_ACLR_B set to NONE
        Info: Parameter OUTDATA_ACLR_B set to NONE
        Info: Parameter ADDRESS_REG_B set to CLOCK1
        Info: Parameter INDATA_ACLR_A set to NONE
        Info: Parameter WRCONTROL_ACLR_A set to NONE
Info: Elaborated megafunction instantiation "mem_RAM:RAM_32x8|altsyncram:REGISTER_rtl_0"
Info: Instantiated megafunction "mem_RAM:RAM_32x8|altsyncram:REGISTER_rtl_0" with the following parameter:
    Info: Parameter "OPERATION_MODE" = "DUAL_PORT"
    Info: Parameter "WIDTH_A" = "8"
    Info: Parameter "WIDTHAD_A" = "5"
    Info: Parameter "NUMWORDS_A" = "32"
    Info: Parameter "WIDTH_B" = "8"
    Info: Parameter "WIDTHAD_B" = "5"
    Info: Parameter "NUMWORDS_B" = "32"
    Info: Parameter "ADDRESS_ACLR_A" = "NONE"
    Info: Parameter "OUTDATA_REG_B" = "UNREGISTERED"
    Info: Parameter "ADDRESS_ACLR_B" = "NONE"
    Info: Parameter "OUTDATA_ACLR_B" = "NONE"
    Info: Parameter "ADDRESS_REG_B" = "CLOCK1"
    Info: Parameter "INDATA_ACLR_A" = "NONE"
    Info: Parameter "WRCONTROL_ACLR_A" = "NONE"
Info: Found 1 design units, including 1 entities, in source file db/altsyncram_ohd1.tdf
    Info: Found entity 1: altsyncram_ohd1
Info: Implemented 99 device resources after synthesis - the final resource count might be different
    Info: Implemented 19 input pins
    Info: Implemented 26 output pins
    Info: Implemented 46 logic cells
    Info: Implemented 8 RAM segments
Info: Quartus II Analysis & Synthesis was successful. 0 errors, 2 warnings
    Info: Peak virtual memory: 201 megabytes
    Info: Processing ended: Tue Nov 24 15:16:50 2015
    Info: Elapsed time: 00:00:01
    Info: Total CPU time (on all processors): 00:00:01


